ARM GAS  C:\Users\embedded\AppData\Local\Temp\cc0kdY1e.s 			page 1


   1              		.cpu arm7tdmi
   2              		.eabi_attribute 20, 1
   3              		.eabi_attribute 21, 1
   4              		.eabi_attribute 23, 3
   5              		.eabi_attribute 24, 1
   6              		.eabi_attribute 25, 1
   7              		.eabi_attribute 26, 1
   8              		.eabi_attribute 30, 6
   9              		.eabi_attribute 34, 0
  10              		.eabi_attribute 18, 4
  11              		.file	"watchdog.c"
  12              		.text
  13              	.Ltext0:
  14              		.cfi_sections	.debug_frame
  15              		.align	1
  16              		.global	initWatchdog
  17              		.syntax unified
  18              		.code	16
  19              		.thumb_func
  20              		.fpu softvfp
  21              		.type	initWatchdog, %function
  22              	initWatchdog:
  23              	.LFB0:
  24              		.file 1 "watchdog.c"
   1:watchdog.c    **** #include "watchdog.h"
   2:watchdog.c    **** #include "config.h"
   3:watchdog.c    **** 
   4:watchdog.c    **** /*
   5:watchdog.c    ****  *  @brief			Funkcja służąca do incjalizowania Watchdoga.
   6:watchdog.c    ****  *
   7:watchdog.c    ****  *  @Description	Funkcja służąca do incjalizowania Watchdoga, z określonym intervałem wyrażon
   8:watchdog.c    ****  *
   9:watchdog.c    ****  *  @param 			[in]	interval
  10:watchdog.c    ****  *						Czas po którym ma dojść do resetu jeżeli nie doszło do potrącenia Watchdoga.
  11:watchdog.c    ****  *
  12:watchdog.c    ****  *  @returns  		nic
  13:watchdog.c    ****  *
  14:watchdog.c    ****  *  @side effects	Ustawienie wartości rejestru WDMOD oraz WDTC.
  15:watchdog.c    ****  */
  16:watchdog.c    **** void initWatchdog(tU32 interval)
  17:watchdog.c    **** {
  25              		.loc 1 17 0
  26              		.cfi_startproc
  27              		@ Function supports interworking.
  28              		@ args = 0, pretend = 0, frame = 8
  29              		@ frame_needed = 1, uses_anonymous_args = 0
  30 0000 80B5     		push	{r7, lr}
  31              	.LCFI0:
  32              		.cfi_def_cfa_offset 8
  33              		.cfi_offset 7, -8
  34              		.cfi_offset 14, -4
  35 0002 82B0     		sub	sp, sp, #8
  36              	.LCFI1:
  37              		.cfi_def_cfa_offset 16
  38 0004 00AF     		add	r7, sp, #0
  39              	.LCFI2:
  40              		.cfi_def_cfa_register 7
ARM GAS  C:\Users\embedded\AppData\Local\Temp\cc0kdY1e.s 			page 2


  41 0006 7860     		str	r0, [r7, #4]
  18:watchdog.c    **** 	WDMOD 	= WDEN | WDRESET;
  42              		.loc 1 18 0
  43 0008 E023     		movs	r3, #224
  44 000a 1B06     		lsls	r3, r3, #24
  45 000c 0322     		movs	r2, #3
  46 000e 1A60     		str	r2, [r3]
  19:watchdog.c    **** 	WDTC 	= interval * PERIPHERAL_CLOCK / 4;
  47              		.loc 1 19 0
  48 0010 7A68     		ldr	r2, [r7, #4]
  49 0012 1300     		movs	r3, r2
  50 0014 1B01     		lsls	r3, r3, #4
  51 0016 9B1A     		subs	r3, r3, r2
  52 0018 1A01     		lsls	r2, r3, #4
  53 001a D21A     		subs	r2, r2, r3
  54 001c 9304     		lsls	r3, r2, #18
  55 001e 1A00     		movs	r2, r3
  56 0020 044B     		ldr	r3, .L2
  57 0022 9208     		lsrs	r2, r2, #2
  58 0024 1A60     		str	r2, [r3]
  20:watchdog.c    **** }
  59              		.loc 1 20 0
  60 0026 C046     		nop
  61 0028 BD46     		mov	sp, r7
  62 002a 02B0     		add	sp, sp, #8
  63              		@ sp needed
  64 002c 80BC     		pop	{r7}
  65 002e 01BC     		pop	{r0}
  66 0030 0047     		bx	r0
  67              	.L3:
  68 0032 C046     		.align	2
  69              	.L2:
  70 0034 040000E0 		.word	-536870908
  71              		.cfi_endproc
  72              	.LFE0:
  73              		.size	initWatchdog, .-initWatchdog
  74              		.align	1
  75              		.global	touchWatchdog
  76              		.syntax unified
  77              		.code	16
  78              		.thumb_func
  79              		.fpu softvfp
  80              		.type	touchWatchdog, %function
  81              	touchWatchdog:
  82              	.LFB1:
  21:watchdog.c    **** 
  22:watchdog.c    **** /*
  23:watchdog.c    ****  *  @brief			Funkcja służąca do potrącenia Watchdoga.
  24:watchdog.c    ****  *
  25:watchdog.c    ****  *  @Description	Funkcja służąca do potrącenia Watchdoga, ktra powoduje reset odliczania czasu 
  26:watchdog.c    ****  *
  27:watchdog.c    ****  *  @param 			brak
  28:watchdog.c    ****  *
  29:watchdog.c    ****  *  @returns  		nic
  30:watchdog.c    ****  *
  31:watchdog.c    ****  *  @side effects	Ustawienie wartości rejestru WDFEED.
  32:watchdog.c    ****  */
ARM GAS  C:\Users\embedded\AppData\Local\Temp\cc0kdY1e.s 			page 3


  33:watchdog.c    **** void touchWatchdog(void)
  34:watchdog.c    **** {
  83              		.loc 1 34 0
  84              		.cfi_startproc
  85              		@ Function supports interworking.
  86              		@ args = 0, pretend = 0, frame = 0
  87              		@ frame_needed = 1, uses_anonymous_args = 0
  88 0038 80B5     		push	{r7, lr}
  89              	.LCFI3:
  90              		.cfi_def_cfa_offset 8
  91              		.cfi_offset 7, -8
  92              		.cfi_offset 14, -4
  93 003a 00AF     		add	r7, sp, #0
  94              	.LCFI4:
  95              		.cfi_def_cfa_register 7
  35:watchdog.c    **** 	WDFEED = 0xAA;
  96              		.loc 1 35 0
  97 003c 054B     		ldr	r3, .L5
  98 003e AA22     		movs	r2, #170
  99 0040 1A60     		str	r2, [r3]
  36:watchdog.c    **** 	WDFEED = 0x55;
 100              		.loc 1 36 0
 101 0042 044B     		ldr	r3, .L5
 102 0044 5522     		movs	r2, #85
 103 0046 1A60     		str	r2, [r3]
  37:watchdog.c    **** }
 104              		.loc 1 37 0
 105 0048 C046     		nop
 106 004a BD46     		mov	sp, r7
 107              		@ sp needed
 108 004c 80BC     		pop	{r7}
 109 004e 01BC     		pop	{r0}
 110 0050 0047     		bx	r0
 111              	.L6:
 112 0052 C046     		.align	2
 113              	.L5:
 114 0054 080000E0 		.word	-536870904
 115              		.cfi_endproc
 116              	.LFE1:
 117              		.size	touchWatchdog, .-touchWatchdog
 118              	.Letext0:
 119              		.file 2 "general.h"
 120              		.section	.debug_info,"",%progbits
 121              	.Ldebug_info0:
 122 0000 A0000000 		.4byte	0xa0
 123 0004 0200     		.2byte	0x2
 124 0006 00000000 		.4byte	.Ldebug_abbrev0
 125 000a 04       		.byte	0x4
 126 000b 01       		.uleb128 0x1
 127 000c 6F000000 		.4byte	.LASF7
 128 0010 0C       		.byte	0xc
 129 0011 3F000000 		.4byte	.LASF8
 130 0015 EF000000 		.4byte	.LASF9
 131 0019 00000000 		.4byte	.Ltext0
 132 001d 58000000 		.4byte	.Letext0
 133 0021 00000000 		.4byte	.Ldebug_line0
 134 0025 02       		.uleb128 0x2
ARM GAS  C:\Users\embedded\AppData\Local\Temp\cc0kdY1e.s 			page 4


 135 0026 01       		.byte	0x1
 136 0027 08       		.byte	0x8
 137 0028 53000000 		.4byte	.LASF0
 138 002c 02       		.uleb128 0x2
 139 002d 02       		.byte	0x2
 140 002e 07       		.byte	0x7
 141 002f 0D010000 		.4byte	.LASF1
 142 0033 03       		.uleb128 0x3
 143 0034 36010000 		.4byte	.LASF10
 144 0038 02       		.byte	0x2
 145 0039 09       		.byte	0x9
 146 003a 3E000000 		.4byte	0x3e
 147 003e 02       		.uleb128 0x2
 148 003f 04       		.byte	0x4
 149 0040 07       		.byte	0x7
 150 0041 0E000000 		.4byte	.LASF2
 151 0045 02       		.uleb128 0x2
 152 0046 08       		.byte	0x8
 153 0047 07       		.byte	0x7
 154 0048 1B000000 		.4byte	.LASF3
 155 004c 02       		.uleb128 0x2
 156 004d 01       		.byte	0x1
 157 004e 06       		.byte	0x6
 158 004f 20010000 		.4byte	.LASF4
 159 0053 02       		.uleb128 0x2
 160 0054 02       		.byte	0x2
 161 0055 05       		.byte	0x5
 162 0056 2C010000 		.4byte	.LASF5
 163 005a 04       		.uleb128 0x4
 164 005b 04       		.byte	0x4
 165 005c 05       		.byte	0x5
 166 005d 696E7400 		.ascii	"int\000"
 167 0061 02       		.uleb128 0x2
 168 0062 08       		.byte	0x8
 169 0063 05       		.byte	0x5
 170 0064 00000000 		.4byte	.LASF6
 171 0068 05       		.uleb128 0x5
 172 0069 01       		.byte	0x1
 173 006a 61000000 		.4byte	.LASF11
 174 006e 01       		.byte	0x1
 175 006f 21       		.byte	0x21
 176 0070 01       		.byte	0x1
 177 0071 38000000 		.4byte	.LFB1
 178 0075 58000000 		.4byte	.LFE1
 179 0079 00000000 		.4byte	.LLST1
 180 007d 01       		.byte	0x1
 181 007e 06       		.uleb128 0x6
 182 007f 01       		.byte	0x1
 183 0080 32000000 		.4byte	.LASF12
 184 0084 01       		.byte	0x1
 185 0085 10       		.byte	0x10
 186 0086 01       		.byte	0x1
 187 0087 00000000 		.4byte	.LFB0
 188 008b 38000000 		.4byte	.LFE0
 189 008f 2C000000 		.4byte	.LLST0
 190 0093 01       		.byte	0x1
 191 0094 07       		.uleb128 0x7
ARM GAS  C:\Users\embedded\AppData\Local\Temp\cc0kdY1e.s 			page 5


 192 0095 4A000000 		.4byte	.LASF13
 193 0099 01       		.byte	0x1
 194 009a 10       		.byte	0x10
 195 009b 33000000 		.4byte	0x33
 196 009f 02       		.byte	0x2
 197 00a0 91       		.byte	0x91
 198 00a1 74       		.sleb128 -12
 199 00a2 00       		.byte	0
 200 00a3 00       		.byte	0
 201              		.section	.debug_abbrev,"",%progbits
 202              	.Ldebug_abbrev0:
 203 0000 01       		.uleb128 0x1
 204 0001 11       		.uleb128 0x11
 205 0002 01       		.byte	0x1
 206 0003 25       		.uleb128 0x25
 207 0004 0E       		.uleb128 0xe
 208 0005 13       		.uleb128 0x13
 209 0006 0B       		.uleb128 0xb
 210 0007 03       		.uleb128 0x3
 211 0008 0E       		.uleb128 0xe
 212 0009 1B       		.uleb128 0x1b
 213 000a 0E       		.uleb128 0xe
 214 000b 11       		.uleb128 0x11
 215 000c 01       		.uleb128 0x1
 216 000d 12       		.uleb128 0x12
 217 000e 01       		.uleb128 0x1
 218 000f 10       		.uleb128 0x10
 219 0010 06       		.uleb128 0x6
 220 0011 00       		.byte	0
 221 0012 00       		.byte	0
 222 0013 02       		.uleb128 0x2
 223 0014 24       		.uleb128 0x24
 224 0015 00       		.byte	0
 225 0016 0B       		.uleb128 0xb
 226 0017 0B       		.uleb128 0xb
 227 0018 3E       		.uleb128 0x3e
 228 0019 0B       		.uleb128 0xb
 229 001a 03       		.uleb128 0x3
 230 001b 0E       		.uleb128 0xe
 231 001c 00       		.byte	0
 232 001d 00       		.byte	0
 233 001e 03       		.uleb128 0x3
 234 001f 16       		.uleb128 0x16
 235 0020 00       		.byte	0
 236 0021 03       		.uleb128 0x3
 237 0022 0E       		.uleb128 0xe
 238 0023 3A       		.uleb128 0x3a
 239 0024 0B       		.uleb128 0xb
 240 0025 3B       		.uleb128 0x3b
 241 0026 0B       		.uleb128 0xb
 242 0027 49       		.uleb128 0x49
 243 0028 13       		.uleb128 0x13
 244 0029 00       		.byte	0
 245 002a 00       		.byte	0
 246 002b 04       		.uleb128 0x4
 247 002c 24       		.uleb128 0x24
 248 002d 00       		.byte	0
ARM GAS  C:\Users\embedded\AppData\Local\Temp\cc0kdY1e.s 			page 6


 249 002e 0B       		.uleb128 0xb
 250 002f 0B       		.uleb128 0xb
 251 0030 3E       		.uleb128 0x3e
 252 0031 0B       		.uleb128 0xb
 253 0032 03       		.uleb128 0x3
 254 0033 08       		.uleb128 0x8
 255 0034 00       		.byte	0
 256 0035 00       		.byte	0
 257 0036 05       		.uleb128 0x5
 258 0037 2E       		.uleb128 0x2e
 259 0038 00       		.byte	0
 260 0039 3F       		.uleb128 0x3f
 261 003a 0C       		.uleb128 0xc
 262 003b 03       		.uleb128 0x3
 263 003c 0E       		.uleb128 0xe
 264 003d 3A       		.uleb128 0x3a
 265 003e 0B       		.uleb128 0xb
 266 003f 3B       		.uleb128 0x3b
 267 0040 0B       		.uleb128 0xb
 268 0041 27       		.uleb128 0x27
 269 0042 0C       		.uleb128 0xc
 270 0043 11       		.uleb128 0x11
 271 0044 01       		.uleb128 0x1
 272 0045 12       		.uleb128 0x12
 273 0046 01       		.uleb128 0x1
 274 0047 40       		.uleb128 0x40
 275 0048 06       		.uleb128 0x6
 276 0049 9742     		.uleb128 0x2117
 277 004b 0C       		.uleb128 0xc
 278 004c 00       		.byte	0
 279 004d 00       		.byte	0
 280 004e 06       		.uleb128 0x6
 281 004f 2E       		.uleb128 0x2e
 282 0050 01       		.byte	0x1
 283 0051 3F       		.uleb128 0x3f
 284 0052 0C       		.uleb128 0xc
 285 0053 03       		.uleb128 0x3
 286 0054 0E       		.uleb128 0xe
 287 0055 3A       		.uleb128 0x3a
 288 0056 0B       		.uleb128 0xb
 289 0057 3B       		.uleb128 0x3b
 290 0058 0B       		.uleb128 0xb
 291 0059 27       		.uleb128 0x27
 292 005a 0C       		.uleb128 0xc
 293 005b 11       		.uleb128 0x11
 294 005c 01       		.uleb128 0x1
 295 005d 12       		.uleb128 0x12
 296 005e 01       		.uleb128 0x1
 297 005f 40       		.uleb128 0x40
 298 0060 06       		.uleb128 0x6
 299 0061 9742     		.uleb128 0x2117
 300 0063 0C       		.uleb128 0xc
 301 0064 00       		.byte	0
 302 0065 00       		.byte	0
 303 0066 07       		.uleb128 0x7
 304 0067 05       		.uleb128 0x5
 305 0068 00       		.byte	0
ARM GAS  C:\Users\embedded\AppData\Local\Temp\cc0kdY1e.s 			page 7


 306 0069 03       		.uleb128 0x3
 307 006a 0E       		.uleb128 0xe
 308 006b 3A       		.uleb128 0x3a
 309 006c 0B       		.uleb128 0xb
 310 006d 3B       		.uleb128 0x3b
 311 006e 0B       		.uleb128 0xb
 312 006f 49       		.uleb128 0x49
 313 0070 13       		.uleb128 0x13
 314 0071 02       		.uleb128 0x2
 315 0072 0A       		.uleb128 0xa
 316 0073 00       		.byte	0
 317 0074 00       		.byte	0
 318 0075 00       		.byte	0
 319              		.section	.debug_loc,"",%progbits
 320              	.Ldebug_loc0:
 321              	.LLST1:
 322 0000 38000000 		.4byte	.LFB1-.Ltext0
 323 0004 3A000000 		.4byte	.LCFI3-.Ltext0
 324 0008 0200     		.2byte	0x2
 325 000a 7D       		.byte	0x7d
 326 000b 00       		.sleb128 0
 327 000c 3A000000 		.4byte	.LCFI3-.Ltext0
 328 0010 3C000000 		.4byte	.LCFI4-.Ltext0
 329 0014 0200     		.2byte	0x2
 330 0016 7D       		.byte	0x7d
 331 0017 08       		.sleb128 8
 332 0018 3C000000 		.4byte	.LCFI4-.Ltext0
 333 001c 58000000 		.4byte	.LFE1-.Ltext0
 334 0020 0200     		.2byte	0x2
 335 0022 77       		.byte	0x77
 336 0023 08       		.sleb128 8
 337 0024 00000000 		.4byte	0
 338 0028 00000000 		.4byte	0
 339              	.LLST0:
 340 002c 00000000 		.4byte	.LFB0-.Ltext0
 341 0030 02000000 		.4byte	.LCFI0-.Ltext0
 342 0034 0200     		.2byte	0x2
 343 0036 7D       		.byte	0x7d
 344 0037 00       		.sleb128 0
 345 0038 02000000 		.4byte	.LCFI0-.Ltext0
 346 003c 04000000 		.4byte	.LCFI1-.Ltext0
 347 0040 0200     		.2byte	0x2
 348 0042 7D       		.byte	0x7d
 349 0043 08       		.sleb128 8
 350 0044 04000000 		.4byte	.LCFI1-.Ltext0
 351 0048 06000000 		.4byte	.LCFI2-.Ltext0
 352 004c 0200     		.2byte	0x2
 353 004e 7D       		.byte	0x7d
 354 004f 10       		.sleb128 16
 355 0050 06000000 		.4byte	.LCFI2-.Ltext0
 356 0054 38000000 		.4byte	.LFE0-.Ltext0
 357 0058 0200     		.2byte	0x2
 358 005a 77       		.byte	0x77
 359 005b 10       		.sleb128 16
 360 005c 00000000 		.4byte	0
 361 0060 00000000 		.4byte	0
 362              		.section	.debug_aranges,"",%progbits
ARM GAS  C:\Users\embedded\AppData\Local\Temp\cc0kdY1e.s 			page 8


 363 0000 1C000000 		.4byte	0x1c
 364 0004 0200     		.2byte	0x2
 365 0006 00000000 		.4byte	.Ldebug_info0
 366 000a 04       		.byte	0x4
 367 000b 00       		.byte	0
 368 000c 0000     		.2byte	0
 369 000e 0000     		.2byte	0
 370 0010 00000000 		.4byte	.Ltext0
 371 0014 58000000 		.4byte	.Letext0-.Ltext0
 372 0018 00000000 		.4byte	0
 373 001c 00000000 		.4byte	0
 374              		.section	.debug_line,"",%progbits
 375              	.Ldebug_line0:
 376 0000 4C000000 		.section	.debug_str,"MS",%progbits,1
 376      02002E00 
 376      00000201 
 376      FB0E0D00 
 376      01010101 
 377              	.LASF6:
 378 0000 6C6F6E67 		.ascii	"long long int\000"
 378      206C6F6E 
 378      6720696E 
 378      7400
 379              	.LASF2:
 380 000e 756E7369 		.ascii	"unsigned int\000"
 380      676E6564 
 380      20696E74 
 380      00
 381              	.LASF3:
 382 001b 6C6F6E67 		.ascii	"long long unsigned int\000"
 382      206C6F6E 
 382      6720756E 
 382      7369676E 
 382      65642069 
 383              	.LASF12:
 384 0032 696E6974 		.ascii	"initWatchdog\000"
 384      57617463 
 384      68646F67 
 384      00
 385              	.LASF8:
 386 003f 77617463 		.ascii	"watchdog.c\000"
 386      68646F67 
 386      2E6300
 387              	.LASF13:
 388 004a 696E7465 		.ascii	"interval\000"
 388      7276616C 
 388      00
 389              	.LASF0:
 390 0053 756E7369 		.ascii	"unsigned char\000"
 390      676E6564 
 390      20636861 
 390      7200
 391              	.LASF11:
 392 0061 746F7563 		.ascii	"touchWatchdog\000"
 392      68576174 
 392      6368646F 
 392      6700
ARM GAS  C:\Users\embedded\AppData\Local\Temp\cc0kdY1e.s 			page 9


 393              	.LASF7:
 394 006f 474E5520 		.ascii	"GNU C11 7.3.1 20180622 (release) [ARM/embedded-7-br"
 394      43313120 
 394      372E332E 
 394      31203230 
 394      31383036 
 395 00a2 616E6368 		.ascii	"anch revision 261907] -mcpu=arm7tdmi -mthumb -mthum"
 395      20726576 
 395      6973696F 
 395      6E203236 
 395      31393037 
 396 00d5 622D696E 		.ascii	"b-interwork -gdwarf-2 -O0\000"
 396      74657277 
 396      6F726B20 
 396      2D676477 
 396      6172662D 
 397              	.LASF9:
 398 00ef 433A5C45 		.ascii	"C:\\Embedded\\2138MiniDemo\\2138\000"
 398      6D626564 
 398      6465645C 
 398      32313338 
 398      4D696E69 
 399              	.LASF1:
 400 010d 73686F72 		.ascii	"short unsigned int\000"
 400      7420756E 
 400      7369676E 
 400      65642069 
 400      6E7400
 401              	.LASF4:
 402 0120 7369676E 		.ascii	"signed char\000"
 402      65642063 
 402      68617200 
 403              	.LASF5:
 404 012c 73686F72 		.ascii	"short int\000"
 404      7420696E 
 404      7400
 405              	.LASF10:
 406 0136 74553332 		.ascii	"tU32\000"
 406      00
 407              		.ident	"GCC: (GNU Tools for Arm Embedded Processors 7-2018-q2-update) 7.3.1 20180622 (release) [AR
ARM GAS  C:\Users\embedded\AppData\Local\Temp\cc0kdY1e.s 			page 10


DEFINED SYMBOLS
                            *ABS*:00000000 watchdog.c
C:\Users\embedded\AppData\Local\Temp\cc0kdY1e.s:22     .text:00000000 initWatchdog
C:\Users\embedded\AppData\Local\Temp\cc0kdY1e.s:30     .text:00000000 $t
C:\Users\embedded\AppData\Local\Temp\cc0kdY1e.s:70     .text:00000034 $d
C:\Users\embedded\AppData\Local\Temp\cc0kdY1e.s:74     .text:00000038 $t
C:\Users\embedded\AppData\Local\Temp\cc0kdY1e.s:81     .text:00000038 touchWatchdog
C:\Users\embedded\AppData\Local\Temp\cc0kdY1e.s:114    .text:00000054 $d

NO UNDEFINED SYMBOLS
